2018-01-06 09:23:55,731 ERROR 1280 [-/127.0.0.1/-/8ms GET /] nodejs.TypeError: this.config.keys.split is not a function
    at Application.get keys [as keys] (e:\mygit\practice\nodejs\egg\HackerNews\node_modules\egg\lib\application.js:242:37)
    at Object.get cookies [as cookies] (e:\mygit\practice\nodejs\egg\HackerNews\node_modules\egg\app\extend\context.js:18:66)
    at Object.get [egg-security#CSRF_SECRET] (e:\mygit\practice\nodejs\egg\HackerNews\node_modules\egg-security\app\extend\context.js:77:33)
    at Object.ensureCsrfSecret (e:\mygit\practice\nodejs\egg\HackerNews\node_modules\egg-security\app\extend\context.js:88:13)
    at csrf (e:\mygit\practice\nodejs\egg\HackerNews\node_modules\egg-security\lib\middlewares\csrf.js:14:9)
    at dispatch (e:\mygit\practice\nodejs\egg\HackerNews\node_modules\koa-compose\index.js:42:32)
    at e:\mygit\practice\nodejs\egg\HackerNews\node_modules\koa-compose\index.js:34:12
    at dispatch (e:\mygit\practice\nodejs\egg\HackerNews\node_modules\koa-compose\index.js:42:32)
    at next (e:\mygit\practice\nodejs\egg\HackerNews\node_modules\koa-compose\index.js:43:18)
    at session (e:\mygit\practice\nodejs\egg\HackerNews\node_modules\koa-session\index.js:41:13)

pid: 1280
hostname: PC-20170725NNPX

2018-01-06 09:23:57,504 ERROR 1280 [-/127.0.0.1/-/0ms GET /] nodejs.TypeError: this.config.keys.split is not a function
    at Application.get keys [as keys] (e:\mygit\practice\nodejs\egg\HackerNews\node_modules\egg\lib\application.js:242:37)
    at Object.get cookies [as cookies] (e:\mygit\practice\nodejs\egg\HackerNews\node_modules\egg\app\extend\context.js:18:66)
    at Object.get [egg-security#CSRF_SECRET] (e:\mygit\practice\nodejs\egg\HackerNews\node_modules\egg-security\app\extend\context.js:77:33)
    at Object.ensureCsrfSecret (e:\mygit\practice\nodejs\egg\HackerNews\node_modules\egg-security\app\extend\context.js:88:13)
    at csrf (e:\mygit\practice\nodejs\egg\HackerNews\node_modules\egg-security\lib\middlewares\csrf.js:14:9)
    at dispatch (e:\mygit\practice\nodejs\egg\HackerNews\node_modules\koa-compose\index.js:42:32)
    at e:\mygit\practice\nodejs\egg\HackerNews\node_modules\koa-compose\index.js:34:12
    at dispatch (e:\mygit\practice\nodejs\egg\HackerNews\node_modules\koa-compose\index.js:42:32)
    at next (e:\mygit\practice\nodejs\egg\HackerNews\node_modules\koa-compose\index.js:43:18)
    at session (e:\mygit\practice\nodejs\egg\HackerNews\node_modules\koa-session\index.js:41:13)

pid: 1280
hostname: PC-20170725NNPX

2018-01-06 10:10:26,318 ERROR 10440 [-/127.0.0.1/-/5026ms GET /news] nodejs.ConnectionTimeoutError: Connect timeout for 5000ms, GET https://hacker-news.firebaseio.com/v0/topstories.json -2 (connected: false, keepalive socket: false, agent status: {"createSocketCount":1,"createSocketErrorCount":0,"closeSocketCount":1,"errorSocketCount":0,"timeoutSocketCount":0,"requestCount":0,"freeSockets":{},"sockets":{},"requests":{}})
headers: {}
headers: {}
    at Timeout._onTimeout (e:\mygit\practice\nodejs\egg\HackerNews\node_modules\urllib\lib\urllib.js:735:15)
    at ontimeout (timers.js:475:11)
    at tryOnTimeout (timers.js:310:5)
    at Timer.listOnTimeout (timers.js:270:5)
name: 'ConnectionTimeoutError'
requestId: 1
data: undefined
path: '/v0/topstories.json?orderBy=%22%24key%22&startAt=%220%22&endAt=%224%22'
status: -2
headers: {}
res: { status: -2, statusCode: -2, headers: {}, size: 0, aborted: false, rt: 5019, keepAliveSocket: false, data: undefined, requestUrls: [ 'https://hacker-news.firebaseio.com/v0/topstories.json' ], timing: null, remoteAddress: '35.201.97.85', remotePort: '' }
pid: 10440
hostname: PC-20170725NNPX

2018-01-06 10:11:45,915 ERROR 10440 [-/127.0.0.1/-/5001ms GET /news] nodejs.ConnectionTimeoutError: Connect timeout for 5000ms, GET https://hacker-news.firebaseio.com/v0/topstories.json -2 (connected: false, keepalive socket: false, agent status: {"createSocketCount":2,"createSocketErrorCount":0,"closeSocketCount":2,"errorSocketCount":0,"timeoutSocketCount":0,"requestCount":0,"freeSockets":{},"sockets":{},"requests":{}})
headers: {}
headers: {}
    at Timeout._onTimeout (e:\mygit\practice\nodejs\egg\HackerNews\node_modules\urllib\lib\urllib.js:735:15)
    at ontimeout (timers.js:475:11)
    at tryOnTimeout (timers.js:310:5)
    at Timer.listOnTimeout (timers.js:270:5)
name: 'ConnectionTimeoutError'
requestId: 2
data: undefined
path: '/v0/topstories.json?orderBy=%22%24key%22&startAt=%220%22&endAt=%224%22'
status: -2
headers: {}
res: { status: -2, statusCode: -2, headers: {}, size: 0, aborted: false, rt: 5001, keepAliveSocket: false, data: undefined, requestUrls: [ 'https://hacker-news.firebaseio.com/v0/topstories.json' ], timing: null, remoteAddress: '35.201.97.85', remotePort: '' }
pid: 10440
hostname: PC-20170725NNPX

2018-01-06 10:23:08,077 ERROR 9836 [-/127.0.0.1/-/5032ms GET /news] nodejs.ConnectionTimeoutError: Connect timeout for 5000ms, GET https://hacker-news.firebaseio.com/v0/topstories.json -2 (connected: false, keepalive socket: false, agent status: {"createSocketCount":1,"createSocketErrorCount":0,"closeSocketCount":1,"errorSocketCount":0,"timeoutSocketCount":0,"requestCount":0,"freeSockets":{},"sockets":{},"requests":{}})
headers: {}
headers: {}
    at Timeout._onTimeout (e:\mygit\practice\nodejs\egg\HackerNews\node_modules\urllib\lib\urllib.js:735:15)
    at ontimeout (timers.js:475:11)
    at tryOnTimeout (timers.js:310:5)
    at Timer.listOnTimeout (timers.js:270:5)
name: 'ConnectionTimeoutError'
requestId: 1
data: undefined
path: '/v0/topstories.json?orderBy=%22%24key%22&startAt=%220%22&endAt=%224%22'
status: -2
headers: {}
res: { status: -2, statusCode: -2, headers: {}, size: 0, aborted: false, rt: 5018, keepAliveSocket: false, data: undefined, requestUrls: [ 'https://hacker-news.firebaseio.com/v0/topstories.json' ], timing: null, remoteAddress: '35.201.97.85', remotePort: '' }
pid: 9836
hostname: PC-20170725NNPX

2018-01-08 10:39:35,770 ERROR 8900 [-/127.0.0.1/-/1010ms GET /news] nodejs.RequestError: connect ECONNREFUSED 192.168.21.80:3000 (req "error"), GET http://192.168.21.80:3000/topstories.json -1 (connected: false, keepalive socket: false, agent status: {"createSocketCount":1,"createSocketErrorCount":0,"closeSocketCount":0,"errorSocketCount":0,"timeoutSocketCount":0,"requestCount":0,"freeSockets":{},"sockets":{"192.168.21.80:3000:":1},"requests":{}})
headers: {}
    at Object._errnoException (util.js:1024:11)
    at _exceptionWithHostPort (util.js:1046:20)
    at TCPConnectWrap.afterConnect [as oncomplete] (net.js:1182:14)
code: 'ECONNREFUSED'
errno: 'ECONNREFUSED'
syscall: 'connect'
address: '192.168.21.80'
port: 3000
name: 'RequestError'
data: undefined
path: '/topstories.json?orderBy=%22%24key%22&startAt=%220%22&endAt=%224%22'
status: -1
headers: {}
res: { status: -1, statusCode: -1, headers: {}, size: 0, aborted: false, rt: 1002, keepAliveSocket: false, data: undefined, requestUrls: [ 'http://192.168.21.80:3000/topstories.json' ], timing: null, remoteAddress: '', remotePort: '' }
pid: 8900
hostname: PC-20170725NNPX

2018-01-08 10:40:05,796 ERROR 8900 [-/127.0.0.1/-/29ms GET /news] nodejs.AssertionError [ERR_ASSERTION]: Can't find news/list.tpl from e:\mygit\practice\nodejs\egg\HackerNews\app\view
    at Map.resolve (e:\mygit\practice\nodejs\egg\HackerNews\node_modules\egg-view\lib\view_manager.js:74:5)
    at <anonymous>
generatedMessage: false
name: 'AssertionError [ERR_ASSERTION]'
code: 'ERR_ASSERTION'
actual: undefined
expected: true
operator: '=='
pid: 8900
hostname: PC-20170725NNPX

